# JRE version: Java(TM) SE Runtime Environment (8.0_171-b11) (build 1.8.0_171-b11)
# Java VM: Java HotSpot(TM) 64-Bit Server VM (25.171-b11 mixed mode windows-amd64 compressed oops)
Heap:
 PSYoungGen      total 321024K, used 41065K [0x00000000e0000000, 0x00000000f7f80000, 0x0000000100000000)
  eden space 251392K, 16% used [0x00000000e0000000,0x00000000e281a558,0x00000000ef580000)
  from space 69632K, 0% used [0x00000000f3b80000,0x00000000f3b80000,0x00000000f7f80000)
  to   space 70656K, 0% used [0x00000000ef580000,0x00000000ef580000,0x00000000f3a80000)
 ParOldGen       total 158208K, used 32798K [0x00000000a0000000, 0x00000000a9a80000, 0x00000000e0000000)
  object space 158208K, 20% used [0x00000000a0000000,0x00000000a2007b78,0x00000000a9a80000)
 Metaspace       used 92850K, capacity 96706K, committed 99476K, reserved 1134592K
  class space    used 12233K, capacity 12923K, committed 13460K, reserved 1048576K
GC Heap History (10 events):
Event: 2152.570 GC heap before
{Heap before GC invocations=38 (full 5):
 PSYoungGen      total 274432K, used 10304K [0x00000000e0000000, 0x00000000f6e00000, 0x0000000100000000)
  eden space 199168K, 0% used [0x00000000e0000000,0x00000000e0000000,0x00000000ec280000)
  from space 75264K, 13% used [0x00000000ec280000,0x00000000ecc90030,0x00000000f0c00000)
  to   space 74240K, 0% used [0x00000000f2580000,0x00000000f2580000,0x00000000f6e00000)
 ParOldGen       total 177664K, used 163207K [0x00000000a0000000, 0x00000000aad80000, 0x00000000e0000000)
  object space 177664K, 91% used [0x00000000a0000000,0x00000000a9f61d40,0x00000000aad80000)
 Metaspace       used 92822K, capacity 96974K, committed 97172K, reserved 1132544K
  class space    used 12321K, capacity 13090K, committed 13204K, reserved 1048576K
Event: 2206.240 GC heap after
Heap after GC invocations=38 (full 5):
 PSYoungGen      total 274432K, used 0K [0x00000000e0000000, 0x00000000f6e00000, 0x0000000100000000)
  eden space 199168K, 0% used [0x00000000e0000000,0x00000000e0000000,0x00000000ec280000)
  from space 75264K, 0% used [0x00000000ec280000,0x00000000ec280000,0x00000000f0c00000)
  to   space 74240K, 0% used [0x00000000f2580000,0x00000000f2580000,0x00000000f6e00000)
 ParOldGen       total 158208K, used 56744K [0x00000000a0000000, 0x00000000a9a80000, 0x00000000e0000000)
  object space 158208K, 35% used [0x00000000a0000000,0x00000000a376a208,0x00000000a9a80000)
 Metaspace       used 92599K, capacity 96604K, committed 97172K, reserved 1132544K
  class space    used 12280K, capacity 13015K, committed 13204K, reserved 1048576K
}
Event: 2621.817 GC heap before
{Heap before GC invocations=39 (full 5):
 PSYoungGen      total 274432K, used 199168K [0x00000000e0000000, 0x00000000f6e00000, 0x0000000100000000)
  eden space 199168K, 100% used [0x00000000e0000000,0x00000000ec280000,0x00000000ec280000)
  from space 75264K, 0% used [0x00000000ec280000,0x00000000ec280000,0x00000000f0c00000)
  to   space 74240K, 0% used [0x00000000f2580000,0x00000000f2580000,0x00000000f6e00000)
 ParOldGen       total 158208K, used 56744K [0x00000000a0000000, 0x00000000a9a80000, 0x00000000e0000000)
  object space 158208K, 35% used [0x00000000a0000000,0x00000000a376a208,0x00000000a9a80000)
 Metaspace       used 92971K, capacity 97300K, committed 97428K, reserved 1134592K
  class space    used 12327K, capacity 13099K, committed 13204K, reserved 1048576K
Event: 2635.241 GC heap after
Heap after GC invocations=39 (full 5):
 PSYoungGen      total 296448K, used 8592K [0x00000000e0000000, 0x00000000f6b00000, 0x0000000100000000)
  eden space 225280K, 0% used [0x00000000e0000000,0x00000000e0000000,0x00000000edc00000)
  from space 71168K, 12% used [0x00000000f2580000,0x00000000f2de4050,0x00000000f6b00000)
  to   space 73216K, 0% used [0x00000000edc00000,0x00000000edc00000,0x00000000f2380000)
 ParOldGen       total 158208K, used 56752K [0x00000000a0000000, 0x00000000a9a80000, 0x00000000e0000000)
  object space 158208K, 35% used [0x00000000a0000000,0x00000000a376c208,0x00000000a9a80000)
 Metaspace       used 92971K, capacity 97300K, committed 97428K, reserved 1134592K
  class space    used 12327K, capacity 13099K, committed 13204K, reserved 1048576K
}
Event: 3091.693 GC heap before
{Heap before GC invocations=40 (full 5):
 PSYoungGen      total 296448K, used 233872K [0x00000000e0000000, 0x00000000f6b00000, 0x0000000100000000)
  eden space 225280K, 100% used [0x00000000e0000000,0x00000000edc00000,0x00000000edc00000)
  from space 71168K, 12% used [0x00000000f2580000,0x00000000f2de4050,0x00000000f6b00000)
  to   space 73216K, 0% used [0x00000000edc00000,0x00000000edc00000,0x00000000f2380000)
 ParOldGen       total 158208K, used 56752K [0x00000000a0000000, 0x00000000a9a80000, 0x00000000e0000000)
  object space 158208K, 35% used [0x00000000a0000000,0x00000000a376c208,0x00000000a9a80000)
 Metaspace       used 93325K, capacity 98066K, committed 98196K, reserved 1134592K
  class space    used 12386K, capacity 13204K, committed 13204K, reserved 1048576K
Event: 3093.774 GC heap after
Heap after GC invocations=40 (full 5):
 PSYoungGen      total 298496K, used 9120K [0x00000000e0000000, 0x00000000f8180000, 0x0000000100000000)
  eden space 225280K, 0% used [0x00000000e0000000,0x00000000e0000000,0x00000000edc00000)
  from space 73216K, 12% used [0x00000000edc00000,0x00000000ee4e8040,0x00000000f2380000)
  to   space 71680K, 0% used [0x00000000f3b80000,0x00000000f3b80000,0x00000000f8180000)
 ParOldGen       total 158208K, used 56760K [0x00000000a0000000, 0x00000000a9a80000, 0x00000000e0000000)
  object space 158208K, 35% used [0x00000000a0000000,0x00000000a376e208,0x00000000a9a80000)
 Metaspace       used 93325K, capacity 98066K, committed 98196K, reserved 1134592K
  class space    used 12386K, capacity 13204K, committed 13204K, reserved 1048576K
}
Event: 5806.308 GC heap before
{Heap before GC invocations=41 (full 5):
 PSYoungGen      total 298496K, used 184494K [0x00000000e0000000, 0x00000000f8180000, 0x0000000100000000)
  eden space 225280K, 77% used [0x00000000e0000000,0x00000000eab439c0,0x00000000edc00000)
  from space 73216K, 12% used [0x00000000edc00000,0x00000000ee4e8040,0x00000000f2380000)
  to   space 71680K, 0% used [0x00000000f3b80000,0x00000000f3b80000,0x00000000f8180000)
 ParOldGen       total 158208K, used 56760K [0x00000000a0000000, 0x00000000a9a80000, 0x00000000e0000000)
  object space 158208K, 35% used [0x00000000a0000000,0x00000000a376e208,0x00000000a9a80000)
 Metaspace       used 94346K, capacity 99166K, committed 99476K, reserved 1134592K
  class space    used 12506K, capacity 13336K, committed 13460K, reserved 1048576K
Event: 5808.501 GC heap after
Heap after GC invocations=41 (full 5):
 PSYoungGen      total 321024K, used 4748K [0x00000000e0000000, 0x00000000f7f80000, 0x0000000100000000)
  eden space 251392K, 0% used [0x00000000e0000000,0x00000000e0000000,0x00000000ef580000)
  from space 69632K, 6% used [0x00000000f3b80000,0x00000000f40232e8,0x00000000f7f80000)
  to   space 70656K, 0% used [0x00000000ef580000,0x00000000ef580000,0x00000000f3a80000)
 ParOldGen       total 158208K, used 56768K [0x00000000a0000000, 0x00000000a9a80000, 0x00000000e0000000)
  object space 158208K, 35% used [0x00000000a0000000,0x00000000a3770208,0x00000000a9a80000)
 Metaspace       used 94346K, capacity 99166K, committed 99476K, reserved 1134592K
  class space    used 12506K, capacity 13336K, committed 13460K, reserved 1048576K
}
Event: 5808.541 GC heap before
{Heap before GC invocations=42 (full 6):
 PSYoungGen      total 321024K, used 4748K [0x00000000e0000000, 0x00000000f7f80000, 0x0000000100000000)
  eden space 251392K, 0% used [0x00000000e0000000,0x00000000e0000000,0x00000000ef580000)
  from space 69632K, 6% used [0x00000000f3b80000,0x00000000f40232e8,0x00000000f7f80000)
  to   space 70656K, 0% used [0x00000000ef580000,0x00000000ef580000,0x00000000f3a80000)
 ParOldGen       total 158208K, used 56768K [0x00000000a0000000, 0x00000000a9a80000, 0x00000000e0000000)
  object space 158208K, 35% used [0x00000000a0000000,0x00000000a3770208,0x00000000a9a80000)
 Metaspace       used 94346K, capacity 99166K, committed 99476K, reserved 1134592K
  class space    used 12506K, capacity 13336K, committed 13460K, reserved 1048576K
Event: 5891.228 GC heap after
Heap after GC invocations=42 (full 6):
 PSYoungGen      total 321024K, used 0K [0x00000000e0000000, 0x00000000f7f80000, 0x0000000100000000)
  eden space 251392K, 0% used [0x00000000e0000000,0x00000000e0000000,0x00000000ef580000)
  from space 69632K, 0% used [0x00000000f3b80000,0x00000000f3b80000,0x00000000f7f80000)
  to   space 70656K, 0% used [0x00000000ef580000,0x00000000ef580000,0x00000000f3a80000)
 ParOldGen       total 158208K, used 32798K [0x00000000a0000000, 0x00000000a9a80000, 0x00000000e0000000)
  object space 158208K, 20% used [0x00000000a0000000,0x00000000a2007b78,0x00000000a9a80000)
 Metaspace       used 92506K, capacity 96226K, committed 99476K, reserved 1134592K
  class space    used 12183K, capacity 12830K, committed 13460K, reserved 1048576K
}

